<?xml version="1.0" encoding="UTF-8"?>
<!-- Generated by org.testng.reporters.JUnitReportReporter -->
<testsuite hostname="AAnsari" failures="0" tests="1" name="com.nopcommerce.testCases.TC_LoginTest_001" time="25.374" errors="0" timestamp="2022-11-24T10:46:26 COT" skipped="0">
  <testcase classname="com.nopcommerce.testCases.TC_LoginTest_001" name="loginTest" time="25.374"/>
  <system-out/>
</testsuite> <!-- com.nopcommerce.testCases.TC_LoginTest_001 -->
