<?xml version="1.0" encoding="UTF-8"?>
<!-- Generated by org.testng.reporters.JUnitReportReporter -->
<testsuite hostname="AAnsari" failures="0" tests="10" name="com.nopcommerce.testCases.TC_AddCustomerTestDDT_004" time="322.503" errors="0" timestamp="2022-10-04T08:57:30 COT" skipped="0">
  <testcase classname="com.nopcommerce.testCases.TC_AddCustomerTestDDT_004" name="addNewCustomer" time="33.004"/>
  <system-out/>
  <testcase classname="com.nopcommerce.testCases.TC_AddCustomerTestDDT_004" name="addNewCustomer" time="31.521"/>
  <system-out/>
  <testcase classname="com.nopcommerce.testCases.TC_AddCustomerTestDDT_004" name="addNewCustomer" time="31.389"/>
  <system-out/>
  <testcase classname="com.nopcommerce.testCases.TC_AddCustomerTestDDT_004" name="addNewCustomer" time="33.446"/>
  <system-out/>
  <testcase classname="com.nopcommerce.testCases.TC_AddCustomerTestDDT_004" name="addNewCustomer" time="32.987"/>
  <system-out/>
  <testcase classname="com.nopcommerce.testCases.TC_AddCustomerTestDDT_004" name="addNewCustomer" time="33.877"/>
  <system-out/>
  <testcase classname="com.nopcommerce.testCases.TC_AddCustomerTestDDT_004" name="addNewCustomer" time="30.648"/>
  <system-out/>
  <testcase classname="com.nopcommerce.testCases.TC_AddCustomerTestDDT_004" name="addNewCustomer" time="32.017"/>
  <system-out/>
  <testcase classname="com.nopcommerce.testCases.TC_AddCustomerTestDDT_004" name="addNewCustomer" time="32.774"/>
  <system-out/>
  <testcase classname="com.nopcommerce.testCases.TC_AddCustomerTestDDT_004" name="addNewCustomer" time="30.840"/>
  <system-out/>
</testsuite> <!-- com.nopcommerce.testCases.TC_AddCustomerTestDDT_004 -->
