<?xml version="1.0" encoding="UTF-8"?>
<!-- Generated by org.testng.reporters.JUnitReportReporter -->
<testsuite hostname="AAnsari" failures="0" tests="5" name="com.nopcommerce.testCases.TC_LoginTestDDT_002" time="51.643" errors="0" timestamp="2022-10-03T22:23:22 COT" skipped="0">
  <testcase classname="com.nopcommerce.testCases.TC_LoginTestDDT_002" name="loginTest" time="13.631"/>
  <system-out/>
  <testcase classname="com.nopcommerce.testCases.TC_LoginTestDDT_002" name="loginTest" time="15.000"/>
  <system-out/>
  <testcase classname="com.nopcommerce.testCases.TC_LoginTestDDT_002" name="loginTest" time="7.436"/>
  <system-out/>
  <testcase classname="com.nopcommerce.testCases.TC_LoginTestDDT_002" name="loginTest" time="7.724"/>
  <system-out/>
  <testcase classname="com.nopcommerce.testCases.TC_LoginTestDDT_002" name="loginTest" time="7.852"/>
  <system-out/>
</testsuite> <!-- com.nopcommerce.testCases.TC_LoginTestDDT_002 -->
