<?xml version="1.0" encoding="UTF-8"?>
<!-- Generated by org.testng.reporters.JUnitReportReporter -->
<testsuite hostname="AAnsari" failures="0" tests="2" name="com.nopcommerce.testCases.TestNGParallel" time="0.062" errors="0" timestamp="2022-09-17T12:06:45 COT" skipped="0">
  <testcase classname="com.nopcommerce.testCases.TestNGParallel" name="testMethod" time="0.031"/>
  <system-out/>
  <testcase classname="com.nopcommerce.testCases.TestNGParallel" name="testMethod" time="0.031"/>
  <system-out/>
</testsuite> <!-- com.nopcommerce.testCases.TestNGParallel -->
