<?xml version="1.0" encoding="UTF-8"?>
<!-- Generated by org.testng.reporters.JUnitReportReporter -->
<testsuite hostname="AAnsari" failures="0" tests="1" name="com.nopcommerce.testCases.TC_EDITCustomerWithValidEmailDDT_009" time="22.097" errors="0" timestamp="2022-09-27T20:36:18 COT" skipped="0">
  <testcase classname="com.nopcommerce.testCases.TC_EDITCustomerWithValidEmailDDT_009" name="searchCustomer" time="22.097"/>
  <system-out/>
</testsuite> <!-- com.nopcommerce.testCases.TC_EDITCustomerWithValidEmailDDT_009 -->
