<?xml version="1.0" encoding="UTF-8"?>
<!-- Generated by org.testng.reporters.JUnitReportReporter -->
<testsuite hostname="AAnsari" failures="0" tests="5" name="com.nopcommerce.testCases.TC_LoginTest_002" time="50.439" errors="0" timestamp="2022-09-18T20:46:52 COT" skipped="0">
  <testcase classname="com.nopcommerce.testCases.TC_LoginTest_002" name="loginTest" time="7.976"/>
  <system-out/>
  <testcase classname="com.nopcommerce.testCases.TC_LoginTest_002" name="loginTest" time="11.654"/>
  <system-out/>
  <testcase classname="com.nopcommerce.testCases.TC_LoginTest_002" name="loginTest" time="7.823"/>
  <system-out/>
  <testcase classname="com.nopcommerce.testCases.TC_LoginTest_002" name="loginTest" time="12.070"/>
  <system-out/>
  <testcase classname="com.nopcommerce.testCases.TC_LoginTest_002" name="loginTest" time="10.916"/>
  <system-out/>
</testsuite> <!-- com.nopcommerce.testCases.TC_LoginTest_002 -->
