<?xml version="1.0" encoding="UTF-8"?>
<!-- Generated by org.testng.reporters.JUnitReportReporter -->
<testsuite hostname="AAnsari" failures="0" tests="1" name="com.nopcommerce.testCases.TC_SearchCustomer_005" time="27.728" errors="0" timestamp="2022-11-14T15:31:30 COT" skipped="0">
  <testcase classname="com.nopcommerce.testCases.TC_SearchCustomer_005" name="searchCustomer" time="27.728"/>
  <system-out/>
</testsuite> <!-- com.nopcommerce.testCases.TC_SearchCustomer_005 -->
