<?xml version="1.0" encoding="UTF-8"?>
<!-- Generated by org.testng.reporters.JUnitReportReporter -->
<testsuite hostname="AAnsari" failures="0" tests="1" name="com.nopcommerce.testCases.TC_SearchCustomerWithInvalidEmailDDT_007" time="17.285" errors="0" timestamp="2022-11-24T09:28:02 COT" skipped="0">
  <testcase classname="com.nopcommerce.testCases.TC_SearchCustomerWithInvalidEmailDDT_007" name="searchCustomer" time="17.285"/>
  <system-out/>
</testsuite> <!-- com.nopcommerce.testCases.TC_SearchCustomerWithInvalidEmailDDT_007 -->
