<?xml version="1.0" encoding="UTF-8"?>
<!-- Generated by org.testng.reporters.JUnitReportReporter -->
<testsuite hostname="AAnsari" failures="0" tests="10" name="com.nopcommerce.testCases.TC_AddCustomerTestDDT_004" time="298.128" errors="0" timestamp="2022-11-14T13:47:47 COT" skipped="0">
  <testcase classname="com.nopcommerce.testCases.TC_AddCustomerTestDDT_004" name="addNewCustomer" time="30.035"/>
  <system-out/>
  <testcase classname="com.nopcommerce.testCases.TC_AddCustomerTestDDT_004" name="addNewCustomer" time="27.329"/>
  <system-out/>
  <testcase classname="com.nopcommerce.testCases.TC_AddCustomerTestDDT_004" name="addNewCustomer" time="34.286"/>
  <system-out/>
  <testcase classname="com.nopcommerce.testCases.TC_AddCustomerTestDDT_004" name="addNewCustomer" time="33.411"/>
  <system-out/>
  <testcase classname="com.nopcommerce.testCases.TC_AddCustomerTestDDT_004" name="addNewCustomer" time="27.866"/>
  <system-out/>
  <testcase classname="com.nopcommerce.testCases.TC_AddCustomerTestDDT_004" name="addNewCustomer" time="28.393"/>
  <system-out/>
  <testcase classname="com.nopcommerce.testCases.TC_AddCustomerTestDDT_004" name="addNewCustomer" time="31.382"/>
  <system-out/>
  <testcase classname="com.nopcommerce.testCases.TC_AddCustomerTestDDT_004" name="addNewCustomer" time="28.097"/>
  <system-out/>
  <testcase classname="com.nopcommerce.testCases.TC_AddCustomerTestDDT_004" name="addNewCustomer" time="29.180"/>
  <system-out/>
  <testcase classname="com.nopcommerce.testCases.TC_AddCustomerTestDDT_004" name="addNewCustomer" time="28.149"/>
  <system-out/>
</testsuite> <!-- com.nopcommerce.testCases.TC_AddCustomerTestDDT_004 -->
