<?xml version="1.0" encoding="UTF-8"?>
<!-- Generated by org.testng.reporters.JUnitReportReporter -->
<testsuite hostname="AAnsari" failures="0" tests="1" name="com.nopcommerce.testCases.TC_SearchCustomerWithInvalidEmailDDT_007" time="19.153" errors="0" timestamp="2022-11-24T08:29:34 COT" skipped="0">
  <testcase classname="com.nopcommerce.testCases.TC_SearchCustomerWithInvalidEmailDDT_007" name="searchCustomer" time="19.153"/>
  <system-out/>
</testsuite> <!-- com.nopcommerce.testCases.TC_SearchCustomerWithInvalidEmailDDT_007 -->
