<?xml version="1.0" encoding="UTF-8"?>
<!-- Generated by org.testng.reporters.JUnitReportReporter -->
<testsuite hostname="AAnsari" failures="0" tests="10" name="com.nopcommerce.testCases.TC_AddCustomerTestDDT_004" time="288.869" errors="0" timestamp="2022-09-27T20:54:53 COT" skipped="0">
  <testcase classname="com.nopcommerce.testCases.TC_AddCustomerTestDDT_004" name="addNewCustomer" time="28.616"/>
  <system-out/>
  <testcase classname="com.nopcommerce.testCases.TC_AddCustomerTestDDT_004" name="addNewCustomer" time="27.600"/>
  <system-out/>
  <testcase classname="com.nopcommerce.testCases.TC_AddCustomerTestDDT_004" name="addNewCustomer" time="28.557"/>
  <system-out/>
  <testcase classname="com.nopcommerce.testCases.TC_AddCustomerTestDDT_004" name="addNewCustomer" time="28.589"/>
  <system-out/>
  <testcase classname="com.nopcommerce.testCases.TC_AddCustomerTestDDT_004" name="addNewCustomer" time="32.843"/>
  <system-out/>
  <testcase classname="com.nopcommerce.testCases.TC_AddCustomerTestDDT_004" name="addNewCustomer" time="28.582"/>
  <system-out/>
  <testcase classname="com.nopcommerce.testCases.TC_AddCustomerTestDDT_004" name="addNewCustomer" time="27.955"/>
  <system-out/>
  <testcase classname="com.nopcommerce.testCases.TC_AddCustomerTestDDT_004" name="addNewCustomer" time="30.957"/>
  <system-out/>
  <testcase classname="com.nopcommerce.testCases.TC_AddCustomerTestDDT_004" name="addNewCustomer" time="27.669"/>
  <system-out/>
  <testcase classname="com.nopcommerce.testCases.TC_AddCustomerTestDDT_004" name="addNewCustomer" time="27.501"/>
  <system-out/>
</testsuite> <!-- com.nopcommerce.testCases.TC_AddCustomerTestDDT_004 -->
