<?xml version="1.0" encoding="UTF-8"?>
<!-- Generated by org.testng.reporters.JUnitReportReporter -->
<testsuite hostname="AAnsari" failures="0" tests="5" name="com.nopcommerce.testCases.TC_LoginTestDDT_002" time="60.210" errors="0" timestamp="2022-10-04T08:18:30 COT" skipped="0">
  <testcase classname="com.nopcommerce.testCases.TC_LoginTestDDT_002" name="loginTest" time="13.246"/>
  <system-out/>
  <testcase classname="com.nopcommerce.testCases.TC_LoginTestDDT_002" name="loginTest" time="14.356"/>
  <system-out/>
  <testcase classname="com.nopcommerce.testCases.TC_LoginTestDDT_002" name="loginTest" time="9.043"/>
  <system-out/>
  <testcase classname="com.nopcommerce.testCases.TC_LoginTestDDT_002" name="loginTest" time="8.991"/>
  <system-out/>
  <testcase classname="com.nopcommerce.testCases.TC_LoginTestDDT_002" name="loginTest" time="14.574"/>
  <system-out/>
</testsuite> <!-- com.nopcommerce.testCases.TC_LoginTestDDT_002 -->
